#1 [internal] load build definition from Dockerfile
#1 sha256:d67f93721b5a5ce8032d9ac3805c7a13b80a8d804051b9d31e209f9da2ec80cb
#1 transferring dockerfile: 37B done
#1 DONE 0.0s

#2 [internal] load .dockerignore
#2 sha256:0d47a2dc976b4c45c5b0f8b18a53675949fa22a9ceaf34cab7f21a1d81d35ee3
#2 transferring context: 2B done
#2 DONE 0.0s

#4 [internal] load metadata for docker.io/library/node:16-alpine
#4 sha256:ddb9c045298b963a74da7d79709894de6ba60a3c4d7eb58dffb88632ce1bf43b
#4 ...

#3 [internal] load metadata for gcr.io/distroless/nodejs:16
#3 sha256:9fbb5e47b4228738a7902a4164b067ff2d6d64350182dd8fbf8e2318b9e263ef
#3 DONE 0.5s

#4 [internal] load metadata for docker.io/library/node:16-alpine
#4 sha256:ddb9c045298b963a74da7d79709894de6ba60a3c4d7eb58dffb88632ce1bf43b
#4 DONE 0.9s

#9 [builder 1/5] FROM docker.io/library/node:16-alpine@sha256:a1f9d027912b58a7c75be7716c97cfbc6d3099f3a97ed84aa490be9dee20e787
#9 sha256:4d4c1e39f40457972fd253195626333acf02fe6a2d345a782d2eb42a7517ec74
#9 DONE 0.0s

#5 [stage-2 1/5] FROM gcr.io/distroless/nodejs:16@sha256:0f7fbe2f3853fd719204ff417dda421eea2f8db8e17875820fddac5d3a8f572c
#5 sha256:fb3dfee728e1ea5d5d6fd47422d9f3fe9d55dc15409f37081296703c3d330897
#5 DONE 0.0s

#10 [builder 2/5] WORKDIR /app
#10 sha256:f9778fb76288f563e9b8908632258bf1b3741f58f7b8bd292c535c31ef95bf9f
#10 CACHED

#6 [stage-2 2/5] WORKDIR /app
#6 sha256:905a00ee70a6e87547f45f1071dec2c3adf1025115044c6bdad4e2caf6e47764
#6 CACHED

#7 [internal] load build context
#7 sha256:66310719c614dbb0f9e0baee357fe1a77115082eb91c18257b7f1f6fd99448ab
#7 transferring context: 72B done
#7 DONE 0.0s

#11 [builder 3/5] COPY package*.json ./
#11 sha256:db439ceda2246c81d36f72ed3ef992d8c7b3eeb90c1f5fe7ac87680efc325a99
#11 DONE 0.0s

#8 [stage-2 3/5] COPY package*.json ./
#8 sha256:862efb20af1884d12d9aa8e3987df678625b56b2d1e749acf52d3ab89e0a2158
#8 DONE 0.0s

#15 [compiler 4/4] RUN npm install && npm run build
#15 sha256:c936615951124c34c31146a8dc88795bcfb89c92ab87d91d743498180c63e2dc
#15 7.477 npm WARN deprecated querystring@0.2.0: The querystring API is considered Legacy. new code should use the URLSearchParams API instead.
#15 ...

#12 [builder 4/5] RUN npm install --omit=dev
#12 sha256:9ff5109316f29a1c593c0045c5eebc0ca5180c9db06a1afb61abb1b2b14270be
#12 6.534 npm WARN deprecated querystring@0.2.0: The querystring API is considered Legacy. new code should use the URLSearchParams API instead.
#12 16.49 
#12 16.49 added 103 packages, and audited 138 packages in 16s
#12 16.49 
#12 16.49 21 packages are looking for funding
#12 16.49   run `npm fund` for details
#12 16.49 
#12 16.49 found 0 vulnerabilities
#12 16.49 npm notice 
#12 16.49 npm notice New major version of npm available! 8.19.4 -> 10.2.5
#12 16.49 npm notice Changelog: <https://github.com/npm/cli/releases/tag/v10.2.5>
#12 16.49 npm notice Run `npm install -g npm@10.2.5` to update!
#12 16.49 npm notice 
#12 ...

#15 [compiler 4/4] RUN npm install && npm run build
#15 sha256:c936615951124c34c31146a8dc88795bcfb89c92ab87d91d743498180c63e2dc
#15 16.78 
#15 16.78 added 412 packages, and audited 447 packages in 16s
#15 16.78 
#15 16.78 51 packages are looking for funding
#15 16.78   run `npm fund` for details
#15 16.78 
#15 16.78 found 0 vulnerabilities
#15 16.78 npm notice 
#15 16.78 npm notice New major version of npm available! 8.19.4 -> 10.2.5
#15 16.78 npm notice Changelog: <https://github.com/npm/cli/releases/tag/v10.2.5>
#15 16.78 npm notice Run `npm install -g npm@10.2.5` to update!
#15 16.78 npm notice 
#15 ...

#12 [builder 4/5] RUN npm install --omit=dev
#12 sha256:9ff5109316f29a1c593c0045c5eebc0ca5180c9db06a1afb61abb1b2b14270be
#12 DONE 17.2s

#15 [compiler 4/4] RUN npm install && npm run build
#15 sha256:c936615951124c34c31146a8dc88795bcfb89c92ab87d91d743498180c63e2dc
#15 17.43 
#15 17.43 > cdk-workshop@0.1.0 build
#15 17.43 > tsc --outDir ./dist
#15 17.43 
#15 17.56 Version 5.3.3
#15 17.57 tsc: The TypeScript Compiler - Version 5.3.3
#15 17.57 
#15 17.57 COMMON COMMANDS
#15 17.57 
#15 17.57   tsc
#15 17.57   Compiles the current project (tsconfig.json in the working directory.)
#15 17.57 
#15 17.57   tsc app.ts util.ts
#15 17.57   Ignoring tsconfig.json, compiles the specified files with default compiler options.
#15 17.57 
#15 17.57   tsc -b
#15 17.57   Build a composite project in the working directory.
#15 17.57 
#15 17.57   tsc --init
#15 17.57   Creates a tsconfig.json with the recommended settings in the working directory.
#15 17.57 
#15 17.57   tsc -p ./path/to/tsconfig.json
#15 17.57   Compiles the TypeScript project located at the specified path.
#15 17.57 
#15 17.57   tsc --help --all
#15 17.57   An expanded version of this information, showing all possible compiler options
#15 17.57 
#15 17.57   tsc --noEmit
#15 17.57   tsc --target esnext
#15 17.57   Compiles the current project, with additional settings.
#15 17.57 
#15 17.57 COMMAND LINE FLAGS
#15 17.57 
#15 17.57 --help, -h
#15 17.57 Print this message.
#15 17.57 
#15 17.57 --watch, -w
#15 17.57 Watch input files.
#15 17.57 
#15 17.57 --all
#15 17.57 Show all compiler options.
#15 17.57 
#15 17.57 --version, -v
#15 17.57 Print the compiler's version.
#15 17.57 
#15 17.57 --init
#15 17.57 Initializes a TypeScript project and creates a tsconfig.json file.
#15 17.57 
#15 17.57 --project, -p
#15 17.57 Compile the project given the path to its configuration file, or to a folder with a 'tsconfig.json'.
#15 17.57 
#15 17.57 --build, -b
#15 17.57 Build one or more projects and their dependencies, if out of date
#15 17.57 
#15 17.57 --showConfig
#15 17.57 Print the final configuration instead of building.
#15 17.57 
#15 17.57 COMMON COMPILER OPTIONS
#15 17.57 
#15 17.57 --pretty
#15 17.57 Enable color and formatting in TypeScript's output to make compiler errors easier to read.
#15 17.57 type: boolean
#15 17.57 default: true
#15 17.57 
#15 17.57 --declaration, -d
#15 17.57 Generate .d.ts files from TypeScript and JavaScript files in your project.
#15 17.57 type: boolean
#15 17.57 default: `false`, unless `composite` is set
#15 17.57 
#15 17.57 --declarationMap
#15 17.57 Create sourcemaps for d.ts files.
#15 17.57 type: boolean
#15 17.57 default: false
#15 17.57 
#15 17.57 --emitDeclarationOnly
#15 17.57 Only output d.ts files and not JavaScript files.
#15 17.57 type: boolean
#15 17.57 default: false
#15 17.57 
#15 17.57 --sourceMap
#15 17.57 Create source map files for emitted JavaScript files.
#15 17.57 type: boolean
#15 17.57 default: false
#15 17.57 
#15 17.57 --target, -t
#15 17.57 Set the JavaScript language version for emitted JavaScript and include compatible library declarations.
#15 17.57 one of: es3, es5, es6/es2015, es2016, es2017, es2018, es2019, es2020, es2021, es2022, esnext
#15 17.57 default: es5
#15 17.57 
#15 17.57 --module, -m
#15 17.57 Specify what module code is generated.
#15 17.57 one of: none, commonjs, amd, umd, system, es6/es2015, es2020, es2022, esnext, node16, nodenext
#15 17.57 default: undefined
#15 17.57 
#15 17.57 --lib
#15 17.57 Specify a set of bundled library declaration files that describe the target runtime environment.
#15 17.57 one or more: es5, es6/es2015, es7/es2016, es2017, es2018, es2019, es2020, es2021, es2022, es2023, esnext, dom, dom.iterable, webworker, webworker.importscripts, webworker.iterable, scripthost, es2015.core, es2015.collection, es2015.generator, es2015.iterable, es2015.promise, es2015.proxy, es2015.reflect, es2015.symbol, es2015.symbol.wellknown, es2016.array.include, es2017.date, es2017.object, es2017.sharedmemory, es2017.string, es2017.intl, es2017.typedarrays, es2018.asyncgenerator, es2018.asynciterable/esnext.asynciterable, es2018.intl, es2018.promise, es2018.regexp, es2019.array, es2019.object, es2019.string, es2019.symbol/esnext.symbol, es2019.intl, es2020.bigint/esnext.bigint, es2020.date, es2020.promise, es2020.sharedmemory, es2020.string, es2020.symbol.wellknown, es2020.intl, es2020.number, es2021.promise/esnext.promise, es2021.string, es2021.weakref/esnext.weakref, es2021.intl, es2022.array, es2022.error, es2022.intl, es2022.object, es2022.sharedmemory, es2022.string/esnext.string, es2022.regexp, es2023.array/esnext.array, es2023.collection/esnext.collection, esnext.intl, esnext.disposable, esnext.decorators, decorators, decorators.legacy
#15 17.57 default: undefined
#15 17.57 
#15 17.57 --allowJs
#15 17.57 Allow JavaScript files to be a part of your program. Use the 'checkJS' option to get errors from these files.
#15 17.57 type: boolean
#15 17.57 default: false
#15 17.57 
#15 17.57 --checkJs
#15 17.57 Enable error reporting in type-checked JavaScript files.
#15 17.57 type: boolean
#15 17.57 default: false
#15 17.57 
#15 17.57 --jsx
#15 17.57 Specify what JSX code is generated.
#15 17.57 one of: preserve, react, react-native, react-jsx, react-jsxdev
#15 17.57 default: undefined
#15 17.57 
#15 17.57 --outFile
#15 17.57 Specify a file that bundles all outputs into one JavaScript file. If 'declaration' is true, also designates a file that bundles all .d.ts output.
#15 17.57 
#15 17.57 --outDir
#15 17.57 Specify an output folder for all emitted files.
#15 17.57 
#15 17.57 --removeComments
#15 17.57 Disable emitting comments.
#15 17.57 type: boolean
#15 17.57 default: false
#15 17.57 
#15 17.57 --noEmit
#15 17.57 Disable emitting files from a compilation.
#15 17.57 type: boolean
#15 17.57 default: false
#15 17.57 
#15 17.57 --strict
#15 17.57 Enable all strict type-checking options.
#15 17.57 type: boolean
#15 17.57 default: false
#15 17.57 
#15 17.57 --types
#15 17.57 Specify type package names to be included without being referenced in a source file.
#15 17.57 
#15 17.57 --esModuleInterop
#15 17.57 Emit additional JavaScript to ease support for importing CommonJS modules. This enables 'allowSyntheticDefaultImports' for type compatibility.
#15 17.57 type: boolean
#15 17.57 default: false
#15 17.57 
#15 17.57 You can learn about all of the compiler options at https://aka.ms/tsc
#15 17.57 
#15 ERROR: executor failed running [/bin/sh -c npm install && npm run build]: exit code: 1

#13 [builder 5/5] RUN npm install -g typescript
#13 sha256:8880ecfde8ee92bba21d3221a5e4af8c26920bfa92a4dc8622a46675a62784f0
#13 CANCELED
------
 > [compiler 4/4] RUN npm install && npm run build:
------
executor failed running [/bin/sh -c npm install && npm run build]: exit code: 1
